[debug] [2023-07-23T23:34:36.004Z] ----------------------------------------------------------------------
[debug] [2023-07-23T23:34:36.005Z] Command:       /usr/local/bin/node /usr/local/bin/firebase init
[debug] [2023-07-23T23:34:36.005Z] CLI Version:   12.4.5
[debug] [2023-07-23T23:34:36.005Z] Platform:      darwin
[debug] [2023-07-23T23:34:36.005Z] Node Version:  v18.16.0
[debug] [2023-07-23T23:34:36.010Z] Time:          Sun Jul 23 2023 18:34:36 GMT-0500 (hora estándar de Colombia)
[debug] [2023-07-23T23:34:36.011Z] ----------------------------------------------------------------------
[debug] 
[debug] [2023-07-23T23:34:36.013Z] > command requires scopes: ["email","openid","https://www.googleapis.com/auth/cloudplatformprojects.readonly","https://www.googleapis.com/auth/firebase","https://www.googleapis.com/auth/cloud-platform"]
[debug] [2023-07-23T23:34:36.013Z] > authorizing via signed-in user (estiven@arriendalo.com.co)
[info] 
     ######## #### ########  ######## ########     ###     ######  ########
     ##        ##  ##     ## ##       ##     ##  ##   ##  ##       ##
     ######    ##  ########  ######   ########  #########  ######  ######
     ##        ##  ##    ##  ##       ##     ## ##     ##       ## ##
     ##       #### ##     ## ######## ########  ##     ##  ######  ########

You're about to initialize a Firebase project in this directory:

  /Users/estiven_mac/Documents/Arriendalo/Proyecto/BACKUP/arriendalo/client

[info] 
=== Project Setup
[info] 
[info] First, let's associate this project directory with a Firebase project.
[info] You can create multiple project aliases by running firebase use --add, 
[info] but for now we'll just set up a default project.
[info] 
[debug] [2023-07-23T23:36:20.973Z] >>> [apiv2][query] GET https://firebase.googleapis.com/v1beta1/projects pageSize=100
[debug] [2023-07-23T23:36:21.947Z] <<< [apiv2][status] GET https://firebase.googleapis.com/v1beta1/projects 200
[debug] [2023-07-23T23:36:21.947Z] <<< [apiv2][body] GET https://firebase.googleapis.com/v1beta1/projects [omitted]
[info] i  Using project arriendaloprueba (arriendaloprueba) 
[info] 
=== Hosting Setup
[info] 
[info] Your public directory is the folder (relative to your project directory) that
[info] will contain Hosting assets to be uploaded with firebase deploy. If you
[info] have a build process for your assets, use your build's output directory.
[info] 
[info] ✔  Wrote build/404.html 
[debug] [2023-07-23T23:37:55.223Z] >>> [apiv2][query] GET https://www.gstatic.com/firebasejs/releases.json [none]
[debug] [2023-07-23T23:37:55.626Z] <<< [apiv2][status] GET https://www.gstatic.com/firebasejs/releases.json 200
[debug] [2023-07-23T23:37:55.626Z] <<< [apiv2][body] GET https://www.gstatic.com/firebasejs/releases.json {"current":{"version":"10.1.0","browserURL":"https://www.gstatic.com/firebasejs/10.1.0/firebase.js","packageURL":"https://www.gstatic.com/firebasejs/10.1.0/firebase.tgz"},"live":{"version":"10.1","browserURL":"https://www.gstatic.com/firebasejs/live/10.1/firebase.js","packageURL":"https://www.gstatic.com/firebasejs/live/10.1/firebase.tgz"},"components":{"analytics":"https://www.gstatic.com/firebasejs/10.1.0/firebase-analytics.js","app":"https://www.gstatic.com/firebasejs/10.1.0/firebase-app.js","app-check":"https://www.gstatic.com/firebasejs/10.1.0/firebase-app-check.js","auth":"https://www.gstatic.com/firebasejs/10.1.0/firebase-auth.js","auth/cordova":"https://www.gstatic.com/firebasejs/10.1.0/firebase-auth/cordova.js","functions":"https://www.gstatic.com/firebasejs/10.1.0/firebase-functions.js","firestore":"https://www.gstatic.com/firebasejs/10.1.0/firebase-firestore.js","firestore/lite":"https://www.gstatic.com/firebasejs/10.1.0/firebase-firestore/lite.js","installations":"https://www.gstatic.com/firebasejs/10.1.0/firebase-installations.js","storage":"https://www.gstatic.com/firebasejs/10.1.0/firebase-storage.js","performance":"https://www.gstatic.com/firebasejs/10.1.0/firebase-performance.js","remote-config":"https://www.gstatic.com/firebasejs/10.1.0/firebase-remote-config.js","messaging":"https://www.gstatic.com/firebasejs/10.1.0/firebase-messaging.js","messaging/sw":"https://www.gstatic.com/firebasejs/10.1.0/firebase-messaging/sw.js","database":"https://www.gstatic.com/firebasejs/10.1.0/firebase-database.js","firestore.memory":"https://www.gstatic.com/firebasejs/10.1.0/firebase-firestore.memory.js"}}
[info] ✔  Wrote build/index.html 
[info] 
[info] i  Detected a .git folder at /Users/estiven_mac/Documents/Arriendalo/Proyecto/BACKUP/arriendalo 
[info] i  Authorizing with GitHub to upload your service account to a GitHub repository's secrets store. 
[info] 
[info] Visit this URL on this device to log in:
[info] https://github.com/login/oauth/authorize?client_id=89cf50f02ac6aaed3484&state=473605030&redirect_uri=http%3A%2F%2Flocalhost%3A9005&scope=read%3Auser%20repo%20public_repo
[info] 
[info] Waiting for authentication...
[debug] [2023-07-23T23:39:05.397Z] >>> [apiv2][query] POST https://github.com/login/oauth/access_token [none]
[debug] [2023-07-23T23:39:05.399Z] >>> [apiv2][body] POST https://github.com/login/oauth/access_token [stream]
[debug] [2023-07-23T23:39:05.913Z] <<< [apiv2][status] POST https://github.com/login/oauth/access_token 200
[debug] [2023-07-23T23:39:05.913Z] <<< [apiv2][body] POST https://github.com/login/oauth/access_token {"access_token":"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","token_type":"bearer","scope":"read:user,repo"}
[debug] [2023-07-23T23:39:05.919Z] >>> [apiv2][query] GET https://api.github.com/user [none]
[debug] [2023-07-23T23:39:06.469Z] <<< [apiv2][status] GET https://api.github.com/user 200
[debug] [2023-07-23T23:39:06.469Z] <<< [apiv2][body] GET https://api.github.com/user {"login":"estiven2111","id":48333839,"node_id":"MDQ6VXNlcjQ4MzMzODM5","avatar_url":"https://avatars.githubusercontent.com/u/48333839?v=4","gravatar_id":"","url":"https://api.github.com/users/estiven2111","html_url":"https://github.com/estiven2111","followers_url":"https://api.github.com/users/estiven2111/followers","following_url":"https://api.github.com/users/estiven2111/following{/other_user}","gists_url":"https://api.github.com/users/estiven2111/gists{/gist_id}","starred_url":"https://api.github.com/users/estiven2111/starred{/owner}{/repo}","subscriptions_url":"https://api.github.com/users/estiven2111/subscriptions","organizations_url":"https://api.github.com/users/estiven2111/orgs","repos_url":"https://api.github.com/users/estiven2111/repos","events_url":"https://api.github.com/users/estiven2111/events{/privacy}","received_events_url":"https://api.github.com/users/estiven2111/received_events","type":"User","site_admin":false,"name":"Estiven","company":null,"blog":"tecnoeam.com/ESTIVEN","location":"Colombia","email":null,"hireable":null,"bio":"Estiven Arboleda Martínez: Colombiano, apasionado de la programación y los sistemas. Busco constantemente expandir mis conocimientos y habilidades en tecnología","twitter_username":null,"public_repos":30,"public_gists":0,"followers":1,"following":0,"created_at":"2019-03-07T20:23:32Z","updated_at":"2023-07-08T23:24:45Z","private_gists":0,"total_private_repos":8,"owned_private_repos":4,"disk_usage":272080,"collaborators":1,"two_factor_authentication":false,"plan":{"name":"free","space":976562499,"collaborators":0,"private_repos":10000}}
[info] 
[info] ✔  Success! Logged into GitHub as estiven2111 
[info] 
